mode: set
curso/Go_tests/3_tests_like_example/main.go:5.13,8.2 2 0
curso/Go_tests/3_tests_like_example/main.go:10.31,12.28 2 1
curso/Go_tests/3_tests_like_example/main.go:16.2,16.14 1 1
curso/Go_tests/3_tests_like_example/main.go:12.28,14.3 1 1
curso/Go_tests/1_first_test/main.go:5.13,8.2 2 0
curso/Go_tests/1_first_test/main.go:10.31,12.28 2 1
curso/Go_tests/1_first_test/main.go:16.2,16.14 1 1
curso/Go_tests/1_first_test/main.go:12.28,14.3 1 1
curso/Go_tests/4_benchmarks/main.go:8.13,11.2 2 0
curso/Go_tests/4_benchmarks/main.go:13.31,15.28 2 1
curso/Go_tests/4_benchmarks/main.go:19.2,19.14 1 1
curso/Go_tests/4_benchmarks/main.go:15.28,17.3 1 1
curso/Go_tests/4_benchmarks/main.go:22.34,23.28 1 0
curso/Go_tests/4_benchmarks/main.go:23.28,25.3 1 0
curso/Go_tests/2_table_test/main.go:5.13,8.2 2 0
curso/Go_tests/2_table_test/main.go:10.31,12.28 2 1
curso/Go_tests/2_table_test/main.go:16.2,16.14 1 1
curso/Go_tests/2_table_test/main.go:12.28,14.3 1 1
